-------------------------------------------------------------------------------
Test set: com.keeplearning.springboot02mybatis.mapper.User2MapperTest
-------------------------------------------------------------------------------
Tests run: 3, Failures: 1, Errors: 0, Skipped: 0, Time elapsed: 0.929 s <<< FAILURE! - in com.keeplearning.springboot02mybatis.mapper.User2MapperTest
testInsert  Time elapsed: 0.055 s  <<< FAILURE!
java.lang.AssertionError: expected:<3> but was:<42>
	at com.keeplearning.springboot02mybatis.mapper.User2MapperTest.testInsert(User2MapperTest.java:27)

