<?xml version="1.0" encoding="UTF-8"?>
<testsuite xmlns:xsi="http://www.w3.org/2001/XMLSchema-instance" xsi:noNamespaceSchemaLocation="https://maven.apache.org/surefire/maven-surefire-plugin/xsd/surefire-test-report.xsd" name="com.keeplearning.springboot02mybatis.mapper.UserMapperTest" time="0.175" tests="6" errors="0" skipped="0" failures="0">
  <properties>
[...]
</properties>
  <testcase name="testUpdateById" classname="com.keeplearning.springboot02mybatis.mapper.UserMapperTest" time="0.092"/>
  <testcase name="testSelectByIds" classname="com.keeplearning.springboot02mybatis.mapper.UserMapperTest" time="0.016"/>
  <testcase name="testDeleteById" classname="com.keeplearning.springboot02mybatis.mapper.UserMapperTest" time="0.011"/>
  <testcase name="testInsert" classname="com.keeplearning.springboot02mybatis.mapper.UserMapperTest" time="0.029"/>
  <testcase name="testSelectByUsername" classname="com.keeplearning.springboot02mybatis.mapper.UserMapperTest" time="0.009"/>
  <testcase name="testSelectById" classname="com.keeplearning.springboot02mybatis.mapper.UserMapperTest" time="0.01"/>
</testsuite>